  Skipping CUDA source file channel.cu (excluded from build).
  Skipping CUDA source file inputs.cu (excluded from build).
  Skipping CUDA source file utils.cu (excluded from build).
  Compiling CUDA source file main.cu...
  Skipping CUDA source file connects.cu (excluded from build).
  
  C:\Users\PC\Desktop\PROJECTS\MegaSync\GO\cuda_neu\cuda_neu>"C:\Program Files\NVIDIA GPU Computing Toolkit\CUDA\v12.2\bin\nvcc.exe" -gencode=arch=compute_52,code=\"sm_52,compute_52\" --use-local-env -ccbin "C:\Program Files\Microsoft Visual Studio\2022\Community\VC\Tools\MSVC\14.36.32532\bin\HostX64\x64" -x cu   -I"C:\Program Files\NVIDIA GPU Computing Toolkit\CUDA\v12.2\include" -I"C:\Program Files\NVIDIA GPU Computing Toolkit\CUDA\v12.2\include"  -G   --keep-dir x64\Debug  -maxrregcount=0   --machine 64 --compile -cudart static  -g  -DWIN32 -DWIN64 -D_DEBUG -D_CONSOLE -D_MBCS -Xcompiler "/EHsc /W3 /nologo /Od /FS /Zi /RTC1 /MDd " -Xcompiler "/Fdx64\Debug\vc143.pdb" -o C:\Users\PC\Desktop\PROJECTS\MegaSync\GO\cuda_neu\cuda_neu\x64\Debug\main.cu.obj "C:\Users\PC\Desktop\PROJECTS\MegaSync\GO\cuda_neu\cuda_neu\main.cu" 
  main.cu
  tmpxft_000011a0_00000000-7_main.cudafe1.cpp
C:\Users\PC\Desktop\PROJECTS\MegaSync\GO\cuda_neu\cuda_neu\connects.cu(68): warning C4267: 'argument': conversion from 'size_t' to 'unsigned int', possible loss of data
C:\Users\PC\Desktop\PROJECTS\MegaSync\GO\cuda_neu\cuda_neu\connects.cu(68): warning C4267: 'argument': conversion from 'size_t' to 'unsigned int', possible loss of data
C:\Users\PC\Desktop\PROJECTS\MegaSync\GO\cuda_neu\cuda_neu\connects.cu(69): warning C4267: 'argument': conversion from 'size_t' to 'unsigned int', possible loss of data
C:\Users\PC\Desktop\PROJECTS\MegaSync\GO\cuda_neu\cuda_neu\connects.cu(69): warning C4267: 'argument': conversion from 'size_t' to 'unsigned int', possible loss of data
C:\Users\PC\Desktop\PROJECTS\MegaSync\GO\cuda_neu\cuda_neu\inputs.cu(49): warning C4267: 'argument': conversion from 'size_t' to 'unsigned int', possible loss of data
C:\Users\PC\Desktop\PROJECTS\MegaSync\GO\cuda_neu\cuda_neu\inputs.cu(50): warning C4267: 'argument': conversion from 'size_t' to 'unsigned int', possible loss of data
C:\Users\PC\Desktop\PROJECTS\MegaSync\GO\cuda_neu\cuda_neu\inputs.cu(82): warning C4267: 'argument': conversion from 'size_t' to 'unsigned int', possible loss of data
C:\Users\PC\Desktop\PROJECTS\MegaSync\GO\cuda_neu\cuda_neu\inputs.cu(83): warning C4267: 'argument': conversion from 'size_t' to 'unsigned int', possible loss of data
C:\Users\PC\Desktop\PROJECTS\MegaSync\GO\cuda_neu\cuda_neu\channel.cu(48): warning C4477: 'printf' : format string '%d' requires an argument of type 'int', but variadic argument 1 has type 'size_t'
  C:\Users\PC\Desktop\PROJECTS\MegaSync\GO\cuda_neu\cuda_neu\channel.cu(48): note: consider using '%zd' in the format string
     Creating library C:\Users\PC\Desktop\PROJECTS\MegaSync\GO\cuda_neu\x64\Debug\cuda_neu.lib and object C:\Users\PC\Desktop\PROJECTS\MegaSync\GO\cuda_neu\x64\Debug\cuda_neu.exp
LINK : warning LNK4098: defaultlib 'LIBCMT' conflicts with use of other libs; use /NODEFAULTLIB:library
  cuda_neu.vcxproj -> C:\Users\PC\Desktop\PROJECTS\MegaSync\GO\cuda_neu\x64\Debug\cuda_neu.exe
